<?xml version="1.0" encoding="UTF-8"?>
<!-- Generated by org.testng.reporters.JUnitReportReporter -->
<testsuite hostname="Kappus-MBP.lan" failures="0" tests="1" name="com.shopper.qa.testcases.AddressPageTest" time="12.987" errors="0" timestamp="2024-05-02T11:29:30 BST" skipped="0">
  <testcase classname="com.shopper.qa.testcases.AddressPageTest" name="verifyProceedToNextAfterSelectingAddress" time="12.987"/>
  <system-out/>
</testsuite> <!-- com.shopper.qa.testcases.AddressPageTest -->
