<?xml version="1.0" encoding="UTF-8"?>
<!-- Generated by org.testng.reporters.JUnitReportReporter -->
<testsuite hostname="Kappus-MBP.lan" failures="0" tests="1" name="com.shopper.qa.testcases.CartPageTest" time="11.341" errors="0" timestamp="2024-05-02T10:38:51 BST" skipped="0">
  <testcase classname="com.shopper.qa.testcases.CartPageTest" name="verifyBuyingOfSelectedProduct" time="11.341"/>
  <system-out/>
</testsuite> <!-- com.shopper.qa.testcases.CartPageTest -->
