<?xml version="1.0" encoding="UTF-8"?>
<!-- Generated by org.testng.reporters.JUnitReportReporter -->
<testsuite hostname="Kappus-MBP.lan" failures="0" tests="1" name="com.shopper.qa.testcases.LandingPageTest" time="5.252" errors="0" timestamp="2024-05-01T17:17:24 BST" skipped="0">
  <testcase classname="com.shopper.qa.testcases.LandingPageTest" name="clickLoginTest" time="5.252"/>
  <system-out/>
</testsuite> <!-- com.shopper.qa.testcases.LandingPageTest -->
