<?xml version="1.0" encoding="UTF-8"?>
<!-- Generated by org.testng.reporters.JUnitReportReporter -->
<testsuite hostname="Kappus-MBP.lan" failures="0" tests="1" name="com.shopper.qa.testcases.PaymentOptionsPageTest" time="14.316" errors="0" timestamp="2024-05-02T16:18:36 BST" skipped="0">
  <testcase classname="com.shopper.qa.testcases.PaymentOptionsPageTest" name="verifyUserAbleToProceed" time="14.316"/>
  <system-out/>
</testsuite> <!-- com.shopper.qa.testcases.PaymentOptionsPageTest -->
