<?xml version="1.0" encoding="UTF-8"?>
<!-- Generated by org.testng.reporters.JUnitReportReporter -->
<testsuite hostname="Kappus-MBP.lan" failures="0" tests="1" name="com.shopper.qa.testcases.PlaceOrderPageTest" time="18.686" errors="0" timestamp="2024-05-02T20:58:30 BST" skipped="0">
  <testcase classname="com.shopper.qa.testcases.PlaceOrderPageTest" name="verifyOrderConfimation" time="18.686"/>
  <system-out/>
</testsuite> <!-- com.shopper.qa.testcases.PlaceOrderPageTest -->
