<?xml version="1.0" encoding="UTF-8"?>
<!-- Generated by org.testng.reporters.JUnitReportReporter -->
<testsuite hostname="Kappus-MBP.lan" failures="0" tests="1" name="com.shopper.qa.testcases.SearchResultPageTest" time="10.111" errors="0" timestamp="2024-05-03T13:45:26 BST" skipped="0">
  <testcase classname="com.shopper.qa.testcases.SearchResultPageTest" name="verifySearchResultWorkingCorrectly" time="10.111"/>
  <system-out/>
</testsuite> <!-- com.shopper.qa.testcases.SearchResultPageTest -->
